<?xml version="1.0" encoding="utf-8"?><testsuites name="pytest tests"><testsuite name="pytest" errors="0" failures="0" skipped="0" tests="12" time="3.947" timestamp="2026-04-03T18:35:33.656960+00:00" hostname="agent-env-73dff897-b2ed-4e46-9f65-6a7191426085"><testcase classname="backend.tests.test_auth.TestHealthCheck" name="test_api_root" time="0.154" /><testcase classname="backend.tests.test_auth.TestAuthRegister" name="test_register_success" time="0.485" /><testcase classname="backend.tests.test_auth.TestAuthRegister" name="test_register_duplicate_email" time="0.478" /><testcase classname="backend.tests.test_auth.TestAuthRegister" name="test_register_missing_fields" time="0.149" /><testcase classname="backend.tests.test_auth.TestAuthLogin" name="test_login_success" time="0.351" /><testcase classname="backend.tests.test_auth.TestAuthLogin" name="test_login_wrong_password" time="0.397" /><testcase classname="backend.tests.test_auth.TestAuthLogin" name="test_login_nonexistent_user" time="0.136" /><testcase classname="backend.tests.test_auth.TestAuthLogin" name="test_login_invalid_email_format" time="0.119" /><testcase classname="backend.tests.test_auth.TestAuthMe" name="test_me_with_valid_token" time="0.492" /><testcase classname="backend.tests.test_auth.TestAuthMe" name="test_me_without_token" time="0.105" /><testcase classname="backend.tests.test_auth.TestAuthMe" name="test_me_with_invalid_token" time="0.117" /><testcase classname="backend.tests.test_auth.TestRegisterAndLogin" name="test_register_then_login" time="0.831" /></testsuite></testsuites>